warning: Tag `SYMBOL_CACHE_SIZE' at line 333 of file `-' has become obsolete.
         To avoid this warning please remove this line from your configuration file or upgrade it using "doxygen -u"
warning: Tag `SHOW_DIRECTORIES' at line 542 of file `-' has become obsolete.
         To avoid this warning please remove this line from your configuration file or upgrade it using "doxygen -u"
warning: Tag `HTML_ALIGN_MEMBERS' at line 971 of file `-' has become obsolete.
         To avoid this warning please remove this line from your configuration file or upgrade it using "doxygen -u"
warning: Tag `USE_INLINE_TREES' at line 1158 of file `-' has become obsolete.
         To avoid this warning please remove this line from your configuration file or upgrade it using "doxygen -u"
warning: Tag `XML_SCHEMA' at line 1421 of file `-' has become obsolete.
         To avoid this warning please remove this line from your configuration file or upgrade it using "doxygen -u"
warning: Tag `XML_DTD' at line 1427 of file `-' has become obsolete.
         To avoid this warning please remove this line from your configuration file or upgrade it using "doxygen -u"
warning: the dot tool could not be found at /usr/local/bin/
/media/ancientfuture/New Volume/bns/OpenGL_core_3_lab/src/rendersystem/renderer.EN.cpp:32: warning: missing title after \defgroup RendererGlobalFunctions
/media/ancientfuture/New Volume/bns/OpenGL_core_3_lab/src/rendersystem/renderer.FR.cpp:30: warning: missing title after \defgroup RendererGlobalFunctions
/media/ancientfuture/New Volume/bns/OpenGL_core_3_lab/src/fileloaders/mesh.h:118: warning: explicit link request to 'Vertex' could not be resolved
/media/ancientfuture/New Volume/bns/OpenGL_core_3_lab/src/fileloaders/mesh.h:121: warning: explicit link request to 'TriangleIndex' could not be resolved
/media/ancientfuture/New Volume/bns/OpenGL_core_3_lab/00_INSTRUCTIONS/lab_instructions/lab1.h:62: warning: image file /shot_TP1_Partie1.png is not found in IMAGE_PATH: assuming external image.
/media/ancientfuture/New Volume/bns/OpenGL_core_3_lab/00_INSTRUCTIONS/lab_instructions/lab1.h:68: warning: image file shot_TP1_Partie2.png is not found in IMAGE_PATH: assuming external image.
/media/ancientfuture/New Volume/bns/OpenGL_core_3_lab/00_INSTRUCTIONS/lab_instructions/lab2.h:14: warning: lonely <li> tag found
/media/ancientfuture/New Volume/bns/OpenGL_core_3_lab/00_INSTRUCTIONS/lab_instructions/lab2.h:15: warning: lonely <li> tag found
/media/ancientfuture/New Volume/bns/OpenGL_core_3_lab/00_INSTRUCTIONS/lab_instructions/lab2.h:16: warning: lonely <li> tag found
/media/ancientfuture/New Volume/bns/OpenGL_core_3_lab/src/fileloaders/objloader.h:82: warning: The following parameters of Loaders::Obj_mtl::ObjLoader::load(const QString &filename, QString &reason) are not documented:
  parameter 'filename'
/media/ancientfuture/New Volume/bns/OpenGL_core_3_lab/src/fileloaders/mesh.h:118: warning: explicit link request to 'Vertex' could not be resolved
/media/ancientfuture/New Volume/bns/OpenGL_core_3_lab/src/fileloaders/mesh.h:121: warning: explicit link request to 'TriangleIndex' could not be resolved
/media/ancientfuture/New Volume/bns/OpenGL_core_3_lab/src/fileloaders/mesh.h:121: warning: explicit link request to 'TriangleIndex' could not be resolved
/media/ancientfuture/New Volume/bns/OpenGL_core_3_lab/src/fileloaders/mesh.h:118: warning: explicit link request to 'Vertex' could not be resolved
/media/ancientfuture/New Volume/bns/OpenGL_core_3_lab/src/fileloaders/mesh.h:118: warning: explicit link request to 'Vertex' could not be resolved
/media/ancientfuture/New Volume/bns/OpenGL_core_3_lab/src/fileloaders/mesh.h:121: warning: explicit link request to 'TriangleIndex' could not be resolved
/media/ancientfuture/New Volume/bns/OpenGL_core_3_lab/src/fileloaders/mesh.h:118: warning: explicit link request to 'Vertex' could not be resolved
/media/ancientfuture/New Volume/bns/OpenGL_core_3_lab/src/fileloaders/mesh.h:121: warning: explicit link request to 'TriangleIndex' could not be resolved
sh: 1: latex: not found
error: Problems running latex. Check your installation or look for typos in _formulas.tex and check _formulas.log!
sh: 1: dvips: not found
error: Problems running dvips. Check your installation!
